<?xml version="1.0" encoding="UTF-8"?>
<testng-results skipped="0" failed="0" ignored="0" total="1" passed="1">
  <reporter-output>
  </reporter-output>
  <suite name="Default suite" duration-ms="42" started-at="2016-12-16T23:00:23Z" finished-at="2016-12-16T23:00:23Z">
    <groups>
    </groups>
    <test name="Default test" duration-ms="42" started-at="2016-12-16T23:00:23Z" finished-at="2016-12-16T23:00:23Z">
      <class name="com.org.maven1.TestNgMavenExampleTest">
        <test-method status="PASS" signature="exampleOfTestNgMaven()[pri:0, instance:com.org.maven1.TestNgMavenExampleTest@32d992b2]" name="exampleOfTestNgMaven" duration-ms="15" started-at="2016-12-16T17:00:23Z" finished-at="2016-12-16T17:00:23Z">
          <reporter-output>
          </reporter-output>
        </test-method> <!-- exampleOfTestNgMaven -->
      </class> <!-- com.org.maven1.TestNgMavenExampleTest -->
    </test> <!-- Default test -->
  </suite> <!-- Default suite -->
</testng-results>
